2014-11-15 22:45:23.774+0000 INFO  [o.n.k.i.DiagnosticsManager]: --- INITIALIZED diagnostics START ---
2014-11-15 22:45:23.779+0000 INFO  [o.n.k.i.DiagnosticsManager]: Neo4j Kernel properties:
2014-11-15 22:45:23.789+0000 INFO  [o.n.k.i.DiagnosticsManager]: neostore.propertystore.db.mapped_memory=82M
2014-11-15 22:45:23.790+0000 INFO  [o.n.k.i.DiagnosticsManager]: neostore.nodestore.db.mapped_memory=22M
2014-11-15 22:45:23.790+0000 INFO  [o.n.k.i.DiagnosticsManager]: neostore.relationshipstore.db.mapped_memory=100M
2014-11-15 22:45:23.790+0000 INFO  [o.n.k.i.DiagnosticsManager]: neostore.propertystore.db.strings.mapped_memory=70M
2014-11-15 22:45:23.790+0000 INFO  [o.n.k.i.DiagnosticsManager]: store_dir=accessingdataneo4j.db
2014-11-15 22:45:23.791+0000 INFO  [o.n.k.i.DiagnosticsManager]: neostore.propertystore.db.arrays.mapped_memory=79M
2014-11-15 22:45:23.791+0000 INFO  [o.n.k.i.DiagnosticsManager]: ephemeral=false
2014-11-15 22:45:23.795+0000 INFO  [o.n.k.i.DiagnosticsManager]: Diagnostics providers:
2014-11-15 22:45:23.795+0000 INFO  [o.n.k.i.DiagnosticsManager]: org.neo4j.kernel.configuration.Config
2014-11-15 22:45:23.795+0000 INFO  [o.n.k.i.DiagnosticsManager]: org.neo4j.kernel.info.DiagnosticsManager
2014-11-15 22:45:23.796+0000 INFO  [o.n.k.i.DiagnosticsManager]: SYSTEM_MEMORY
2014-11-15 22:45:23.796+0000 INFO  [o.n.k.i.DiagnosticsManager]: JAVA_MEMORY
2014-11-15 22:45:23.796+0000 INFO  [o.n.k.i.DiagnosticsManager]: OPERATING_SYSTEM
2014-11-15 22:45:23.796+0000 INFO  [o.n.k.i.DiagnosticsManager]: JAVA_VIRTUAL_MACHINE
2014-11-15 22:45:23.796+0000 INFO  [o.n.k.i.DiagnosticsManager]: CLASSPATH
2014-11-15 22:45:23.796+0000 INFO  [o.n.k.i.DiagnosticsManager]: LIBRARY_PATH
2014-11-15 22:45:23.796+0000 INFO  [o.n.k.i.DiagnosticsManager]: SYSTEM_PROPERTIES
2014-11-15 22:45:23.797+0000 INFO  [o.n.k.i.DiagnosticsManager]: NETWORK
2014-11-15 22:45:23.798+0000 INFO  [o.n.k.i.DiagnosticsManager]: System memory information:
2014-11-15 22:45:23.804+0000 INFO  [o.n.k.i.DiagnosticsManager]: Total Physical memory: 5.91 GB
2014-11-15 22:45:23.804+0000 INFO  [o.n.k.i.DiagnosticsManager]: Free Physical memory: 2.16 GB
2014-11-15 22:45:23.805+0000 INFO  [o.n.k.i.DiagnosticsManager]: Committed virtual memory: 151.94 MB
2014-11-15 22:45:23.805+0000 INFO  [o.n.k.i.DiagnosticsManager]: Total swap space: 11.81 GB
2014-11-15 22:45:23.806+0000 INFO  [o.n.k.i.DiagnosticsManager]: Free swap space: 7.43 GB
2014-11-15 22:45:23.807+0000 INFO  [o.n.k.i.DiagnosticsManager]: JVM memory information:
2014-11-15 22:45:23.808+0000 INFO  [o.n.k.i.DiagnosticsManager]: Free  memory: 61.63 MB
2014-11-15 22:45:23.808+0000 INFO  [o.n.k.i.DiagnosticsManager]: Total memory: 90.63 MB
2014-11-15 22:45:23.809+0000 INFO  [o.n.k.i.DiagnosticsManager]: Max   memory: 1.31 GB
2014-11-15 22:45:23.809+0000 INFO  [o.n.k.i.DiagnosticsManager]: Garbage Collector: PS Scavenge: [PS Eden Space, PS Survivor Space]
2014-11-15 22:45:23.809+0000 INFO  [o.n.k.i.DiagnosticsManager]: Garbage Collector: PS MarkSweep: [PS Eden Space, PS Survivor Space, PS Old Gen, PS Perm Gen]
2014-11-15 22:45:23.811+0000 INFO  [o.n.k.i.DiagnosticsManager]: Memory Pool: Code Cache (Non-heap memory): committed=2.44 MB, used=856.75 kB, max=48.00 MB, threshold=0.00 B
2014-11-15 22:45:23.812+0000 INFO  [o.n.k.i.DiagnosticsManager]: Memory Pool: PS Eden Space (Heap memory): committed=23.63 MB, used=23.33 MB, max=496.75 MB, threshold=?
2014-11-15 22:45:23.813+0000 INFO  [o.n.k.i.DiagnosticsManager]: Memory Pool: PS Survivor Space (Heap memory): committed=3.94 MB, used=3.92 MB, max=3.94 MB, threshold=?
2014-11-15 22:45:23.814+0000 INFO  [o.n.k.i.DiagnosticsManager]: Memory Pool: PS Old Gen (Heap memory): committed=63.06 MB, used=2.20 MB, max=1009.38 MB, threshold=0.00 B
2014-11-15 22:45:23.815+0000 INFO  [o.n.k.i.DiagnosticsManager]: Memory Pool: PS Perm Gen (Non-heap memory): committed=20.75 MB, used=16.09 MB, max=82.00 MB, threshold=0.00 B
2014-11-15 22:45:23.815+0000 INFO  [o.n.k.i.DiagnosticsManager]: Operating system information:
2014-11-15 22:45:23.816+0000 INFO  [o.n.k.i.DiagnosticsManager]: Operating System: Windows 7; version: 6.1; arch: amd64; cpus: 8
2014-11-15 22:45:23.817+0000 INFO  [o.n.k.i.DiagnosticsManager]: Process id: 1272@Home-PC
2014-11-15 22:45:23.818+0000 INFO  [o.n.k.i.DiagnosticsManager]: Byte order: LITTLE_ENDIAN
2014-11-15 22:45:23.818+0000 INFO  [o.n.k.i.DiagnosticsManager]: Local timezone: America/New_York
2014-11-15 22:45:23.818+0000 INFO  [o.n.k.i.DiagnosticsManager]: JVM information:
2014-11-15 22:45:23.819+0000 INFO  [o.n.k.i.DiagnosticsManager]: VM Name: Java HotSpot(TM) 64-Bit Server VM
2014-11-15 22:45:23.819+0000 INFO  [o.n.k.i.DiagnosticsManager]: VM Vendor: Oracle Corporation
2014-11-15 22:45:23.819+0000 INFO  [o.n.k.i.DiagnosticsManager]: VM Version: 21.0-b17
2014-11-15 22:45:23.819+0000 INFO  [o.n.k.i.DiagnosticsManager]: JIT compiler: HotSpot 64-Bit Tiered Compilers
2014-11-15 22:45:23.820+0000 INFO  [o.n.k.i.DiagnosticsManager]: VM Arguments: [-Dspring.liveBeansView.mbeanDomain, -Dcom.sun.management.jmxremote, -Dcom.sun.management.jmxremote.port=25139, -Dcom.sun.management.jmxremote.authenticate=false, -Dcom.sun.management.jmxremote.ssl=false, -Dfile.encoding=UTF-8]
2014-11-15 22:45:23.820+0000 INFO  [o.n.k.i.DiagnosticsManager]: Java classpath:
2014-11-15 22:45:23.827+0000 INFO  [o.n.k.i.DiagnosticsManager]:  [bootstrap] C:\Program Files\Java\jre1.7.0\lib\resources.jar
2014-11-15 22:45:23.827+0000 INFO  [o.n.k.i.DiagnosticsManager]:  [loader.1] file:/C:/Program%20Files/Java/jre1.7.0/lib/ext/dnsns.jar
2014-11-15 22:45:23.827+0000 INFO  [o.n.k.i.DiagnosticsManager]:  [classpath + loader.0] file:/C:/Users/Home/.m2/repository/org/neo4j/neo4j-primitive-collections/2.1.2/neo4j-primitive-collections-2.1.2.jar
2014-11-15 22:45:23.827+0000 INFO  [o.n.k.i.DiagnosticsManager]:  [loader.1] file:/C:/Program%20Files/Java/jre1.7.0/lib/ext/sunmscapi.jar
2014-11-15 22:45:23.827+0000 INFO  [o.n.k.i.DiagnosticsManager]:  [bootstrap] C:\Program Files\Java\jre1.7.0\lib\sunrsasign.jar
2014-11-15 22:45:23.827+0000 INFO  [o.n.k.i.DiagnosticsManager]:  [classpath + loader.0] file:/C:/Users/Home/.m2/repository/org/parboiled/parboiled-core/1.1.6/parboiled-core-1.1.6.jar
2014-11-15 22:45:23.828+0000 INFO  [o.n.k.i.DiagnosticsManager]:  [classpath + loader.0] file:/C:/Users/Home/.m2/repository/org/aspectj/aspectjweaver/1.8.4/aspectjweaver-1.8.4.jar
2014-11-15 22:45:23.828+0000 INFO  [o.n.k.i.DiagnosticsManager]:  [classpath + loader.0] file:/C:/Users/Home/.m2/repository/org/hamcrest/hamcrest-core/1.3/hamcrest-core-1.3.jar
2014-11-15 22:45:23.828+0000 INFO  [o.n.k.i.DiagnosticsManager]:  [classpath + loader.0] file:/C:/Users/Home/.m2/repository/org/neo4j/neo4j-udc/2.1.2/neo4j-udc-2.1.2.jar
2014-11-15 22:45:23.828+0000 INFO  [o.n.k.i.DiagnosticsManager]:  [classpath + loader.0] file:/C:/Users/Home/.m2/repository/org/springframework/spring-beans/4.0.8.RELEASE/spring-beans-4.0.8.RELEASE.jar
2014-11-15 22:45:23.828+0000 INFO  [o.n.k.i.DiagnosticsManager]:  [classpath + loader.0] file:/C:/Users/Home/.m2/repository/org/neo4j/neo4j-cypher-dsl/2.0.1/neo4j-cypher-dsl-2.0.1.jar
2014-11-15 22:45:23.828+0000 INFO  [o.n.k.i.DiagnosticsManager]:  [classpath + loader.0] file:/C:/Users/Home/.m2/repository/org/springframework/data/spring-data-neo4j/3.1.4.RELEASE/spring-data-neo4j-3.1.4.RELEASE.jar
2014-11-15 22:45:23.828+0000 INFO  [o.n.k.i.DiagnosticsManager]:  [classpath + loader.0] file:/C:/Users/Home/.m2/repository/org/springframework/spring-tx/4.0.8.RELEASE/spring-tx-4.0.8.RELEASE.jar
2014-11-15 22:45:23.828+0000 INFO  [o.n.k.i.DiagnosticsManager]:  [classpath + loader.0] file:/C:/Users/Home/.m2/repository/org/neo4j/neo4j-cypher-compiler-1.9/2.0.3/neo4j-cypher-compiler-1.9-2.0.3.jar
2014-11-15 22:45:23.829+0000 INFO  [o.n.k.i.DiagnosticsManager]:  [classpath + loader.0] file:/C:/Users/Home/.m2/repository/org/neo4j/neo4j-graph-matching/2.1.2/neo4j-graph-matching-2.1.2.jar
2014-11-15 22:45:23.829+0000 INFO  [o.n.k.i.DiagnosticsManager]:  [classpath + loader.0] file:/C:/Development/spring/Neo4jSample/Neo4jSample/target/classes/
2014-11-15 22:45:23.829+0000 INFO  [o.n.k.i.DiagnosticsManager]:  [classpath + loader.0] file:/C:/Users/Home/.m2/repository/org/springframework/boot/spring-boot-starter/1.1.9.RELEASE/spring-boot-starter-1.1.9.RELEASE.jar
2014-11-15 22:45:23.829+0000 INFO  [o.n.k.i.DiagnosticsManager]:  [classpath + loader.0] file:/C:/Users/Home/.m2/repository/org/neo4j/neo4j-cypher-commons/2.1.2/neo4j-cypher-commons-2.1.2.jar
2014-11-15 22:45:23.829+0000 INFO  [o.n.k.i.DiagnosticsManager]:  [loader.1] file:/C:/Program%20Files/Java/jre1.7.0/lib/ext/sunec.jar
2014-11-15 22:45:23.829+0000 INFO  [o.n.k.i.DiagnosticsManager]:  [bootstrap] C:\Program Files\Java\jre1.7.0\lib\jsse.jar
2014-11-15 22:45:23.829+0000 INFO  [o.n.k.i.DiagnosticsManager]:  [classpath + loader.0] file:/C:/Users/Home/.m2/repository/org/neo4j/neo4j/2.1.2/neo4j-2.1.2.jar
2014-11-15 22:45:23.830+0000 INFO  [o.n.k.i.DiagnosticsManager]:  [classpath + loader.0] file:/C:/Users/Home/.m2/repository/org/neo4j/neo4j-kernel/2.1.2/neo4j-kernel-2.1.2.jar
2014-11-15 22:45:23.830+0000 INFO  [o.n.k.i.DiagnosticsManager]:  [classpath + loader.0] file:/C:/Users/Home/.m2/repository/org/neo4j/neo4j-cypher/2.1.2/neo4j-cypher-2.1.2.jar
2014-11-15 22:45:23.830+0000 INFO  [o.n.k.i.DiagnosticsManager]:  [classpath + loader.0] file:/C:/Users/Home/.m2/repository/org/apache/lucene/lucene-core/3.6.2/lucene-core-3.6.2.jar
2014-11-15 22:45:23.830+0000 INFO  [o.n.k.i.DiagnosticsManager]:  [classpath + loader.0] file:/C:/Users/Home/.m2/repository/ch/qos/logback/logback-core/1.1.2/logback-core-1.1.2.jar
2014-11-15 22:45:23.830+0000 INFO  [o.n.k.i.DiagnosticsManager]:  [classpath + loader.0] file:/C:/Users/Home/.m2/repository/org/parboiled/parboiled-scala_2.10/1.1.6/parboiled-scala_2.10-1.1.6.jar
2014-11-15 22:45:23.830+0000 INFO  [o.n.k.i.DiagnosticsManager]:  [classpath + loader.0] file:/C:/Users/Home/.m2/repository/org/springframework/spring-aspects/4.0.8.RELEASE/spring-aspects-4.0.8.RELEASE.jar
2014-11-15 22:45:23.830+0000 INFO  [o.n.k.i.DiagnosticsManager]:  [classpath + loader.0] file:/C:/Users/Home/.m2/repository/com/fasterxml/classmate/1.0.0/classmate-1.0.0.jar
2014-11-15 22:45:23.831+0000 INFO  [o.n.k.i.DiagnosticsManager]:  [classpath + loader.0] file:/C:/Users/Home/.m2/repository/com/googlecode/concurrentlinkedhashmap/concurrentlinkedhashmap-lru/1.3.1/concurrentlinkedhashmap-lru-1.3.1.jar
2014-11-15 22:45:23.831+0000 INFO  [o.n.k.i.DiagnosticsManager]:  [classpath + loader.0] file:/C:/Users/Home/.m2/repository/org/apache/geronimo/specs/geronimo-jta_1.1_spec/1.1.1/geronimo-jta_1.1_spec-1.1.1.jar
2014-11-15 22:45:23.831+0000 INFO  [o.n.k.i.DiagnosticsManager]:  [classpath + loader.0] file:/C:/Users/Home/.m2/repository/org/slf4j/jul-to-slf4j/1.7.7/jul-to-slf4j-1.7.7.jar
2014-11-15 22:45:23.831+0000 INFO  [o.n.k.i.DiagnosticsManager]:  [classpath + loader.0] file:/C:/Users/Home/.m2/repository/org/slf4j/slf4j-api/1.7.7/slf4j-api-1.7.7.jar
2014-11-15 22:45:23.831+0000 INFO  [o.n.k.i.DiagnosticsManager]:  [classpath + loader.0] file:/C:/Users/Home/.m2/repository/aopalliance/aopalliance/1.0/aopalliance-1.0.jar
2014-11-15 22:45:23.831+0000 INFO  [o.n.k.i.DiagnosticsManager]:  [classpath + loader.0] file:/C:/Users/Home/.m2/repository/org/slf4j/log4j-over-slf4j/1.7.7/log4j-over-slf4j-1.7.7.jar
2014-11-15 22:45:23.831+0000 INFO  [o.n.k.i.DiagnosticsManager]:  [bootstrap] C:\Program Files\Java\jre1.7.0\classes
2014-11-15 22:45:23.831+0000 INFO  [o.n.k.i.DiagnosticsManager]:  [classpath + loader.0] file:/C:/Users/Home/.m2/repository/org/springframework/spring-expression/4.0.8.RELEASE/spring-expression-4.0.8.RELEASE.jar
2014-11-15 22:45:23.832+0000 INFO  [o.n.k.i.DiagnosticsManager]:  [loader.1] file:/C:/Program%20Files/Java/jre1.7.0/lib/ext/localedata.jar
2014-11-15 22:45:23.832+0000 INFO  [o.n.k.i.DiagnosticsManager]:  [classpath + loader.0] file:/C:/Users/Home/.m2/repository/org/neo4j/neo4j-cypher-compiler-2.1/2.1.2/neo4j-cypher-compiler-2.1-2.1.2.jar
2014-11-15 22:45:23.832+0000 INFO  [o.n.k.i.DiagnosticsManager]:  [classpath + loader.0] file:/C:/Users/Home/.m2/repository/net/sf/opencsv/opencsv/2.0/opencsv-2.0.jar
2014-11-15 22:45:23.832+0000 INFO  [o.n.k.i.DiagnosticsManager]:  [classpath + loader.0] file:/C:/Users/Home/.m2/repository/org/aspectj/aspectjrt/1.8.4/aspectjrt-1.8.4.jar
2014-11-15 22:45:23.832+0000 INFO  [o.n.k.i.DiagnosticsManager]:  [classpath + loader.0] file:/C:/Users/Home/.m2/repository/org/neo4j/neo4j-graph-algo/2.1.2/neo4j-graph-algo-2.1.2.jar
2014-11-15 22:45:23.832+0000 INFO  [o.n.k.i.DiagnosticsManager]:  [classpath + loader.0] file:/C:/Users/Home/.m2/repository/org/springframework/data/spring-data-commons/1.8.4.RELEASE/spring-data-commons-1.8.4.RELEASE.jar
2014-11-15 22:45:23.832+0000 INFO  [o.n.k.i.DiagnosticsManager]:  [classpath + loader.0] file:/C:/Users/Home/.m2/repository/org/yaml/snakeyaml/1.13/snakeyaml-1.13.jar
2014-11-15 22:45:23.832+0000 INFO  [o.n.k.i.DiagnosticsManager]:  [classpath + loader.0] file:/C:/Users/Home/.m2/repository/org/neo4j/neo4j-lucene-index/2.1.2/neo4j-lucene-index-2.1.2.jar
2014-11-15 22:45:23.833+0000 INFO  [o.n.k.i.DiagnosticsManager]:  [loader.1] file:/C:/Program%20Files/Java/jre1.7.0/lib/ext/zipfs.jar
2014-11-15 22:45:23.833+0000 INFO  [o.n.k.i.DiagnosticsManager]:  [classpath + loader.0] file:/C:/Users/Home/.m2/repository/ch/qos/logback/logback-classic/1.1.2/logback-classic-1.1.2.jar
2014-11-15 22:45:23.833+0000 INFO  [o.n.k.i.DiagnosticsManager]:  [classpath + loader.0] file:/C:/Users/Home/.m2/repository/org/scala-lang/scala-library/2.10.4/scala-library-2.10.4.jar
2014-11-15 22:45:23.833+0000 INFO  [o.n.k.i.DiagnosticsManager]:  [bootstrap] C:\Program Files\Java\jre1.7.0\lib\jce.jar
2014-11-15 22:45:23.833+0000 INFO  [o.n.k.i.DiagnosticsManager]:  [classpath + loader.0] file:/C:/Users/Home/.m2/repository/junit/junit/4.10/junit-4.10.jar
2014-11-15 22:45:23.833+0000 INFO  [o.n.k.i.DiagnosticsManager]:  [classpath + loader.0] file:/C:/Users/Home/.m2/repository/org/jboss/logging/jboss-logging/3.1.1.GA/jboss-logging-3.1.1.GA.jar
2014-11-15 22:45:23.833+0000 INFO  [o.n.k.i.DiagnosticsManager]:  [bootstrap] C:\Program Files\Java\jre1.7.0\lib\rt.jar
2014-11-15 22:45:23.833+0000 INFO  [o.n.k.i.DiagnosticsManager]:  [classpath + loader.0] file:/C:/Users/Home/.m2/repository/org/neo4j/neo4j-cypher-compiler-2.0/2.0.3/neo4j-cypher-compiler-2.0-2.0.3.jar
2014-11-15 22:45:23.834+0000 INFO  [o.n.k.i.DiagnosticsManager]:  [classpath + loader.0] file:/C:/Users/Home/.m2/repository/org/hibernate/hibernate-validator/5.0.3.Final/hibernate-validator-5.0.3.Final.jar
2014-11-15 22:45:23.834+0000 INFO  [o.n.k.i.DiagnosticsManager]:  [classpath + loader.0] file:/C:/Users/Home/.m2/repository/org/springframework/boot/spring-boot-starter-logging/1.1.9.RELEASE/spring-boot-starter-logging-1.1.9.RELEASE.jar
2014-11-15 22:45:23.834+0000 INFO  [o.n.k.i.DiagnosticsManager]:  [loader.1] file:/C:/Program%20Files/Java/jre1.7.0/lib/ext/sunjce_provider.jar
2014-11-15 22:45:23.834+0000 INFO  [o.n.k.i.DiagnosticsManager]:  [classpath + loader.0] file:/C:/Users/Home/.m2/repository/org/springframework/spring-aop/4.0.8.RELEASE/spring-aop-4.0.8.RELEASE.jar
2014-11-15 22:45:23.834+0000 INFO  [o.n.k.i.DiagnosticsManager]:  [classpath + loader.0] file:/C:/Users/Home/.m2/repository/org/springframework/boot/spring-boot-autoconfigure/1.1.9.RELEASE/spring-boot-autoconfigure-1.1.9.RELEASE.jar
2014-11-15 22:45:23.834+0000 INFO  [o.n.k.i.DiagnosticsManager]:  [classpath + loader.0] file:/C:/Users/Home/.m2/repository/org/springframework/boot/spring-boot/1.1.9.RELEASE/spring-boot-1.1.9.RELEASE.jar
2014-11-15 22:45:23.834+0000 INFO  [o.n.k.i.DiagnosticsManager]:  [classpath + loader.0] file:/C:/Users/Home/.m2/repository/org/slf4j/jcl-over-slf4j/1.7.7/jcl-over-slf4j-1.7.7.jar
2014-11-15 22:45:23.834+0000 INFO  [o.n.k.i.DiagnosticsManager]:  [classpath + loader.0] file:/C:/Users/Home/.m2/repository/javax/validation/validation-api/1.1.0.Final/validation-api-1.1.0.Final.jar
2014-11-15 22:45:23.835+0000 INFO  [o.n.k.i.DiagnosticsManager]:  [classpath + loader.0] file:/C:/Users/Home/.m2/repository/org/springframework/spring-core/4.0.8.RELEASE/spring-core-4.0.8.RELEASE.jar
2014-11-15 22:45:23.835+0000 INFO  [o.n.k.i.DiagnosticsManager]:  [classpath + loader.0] file:/C:/Users/Home/.m2/repository/org/neo4j/neo4j-jmx/2.1.2/neo4j-jmx-2.1.2.jar
2014-11-15 22:45:23.835+0000 INFO  [o.n.k.i.DiagnosticsManager]:  [classpath + loader.0] file:/C:/Users/Home/.m2/repository/org/springframework/spring-context/4.0.8.RELEASE/spring-context-4.0.8.RELEASE.jar
2014-11-15 22:45:23.835+0000 INFO  [o.n.k.i.DiagnosticsManager]:  [bootstrap] C:\Program Files\Java\jre1.7.0\lib\charsets.jar
2014-11-15 22:45:23.835+0000 INFO  [o.n.k.i.DiagnosticsManager]: Library path:
2014-11-15 22:45:23.836+0000 INFO  [o.n.k.i.DiagnosticsManager]: C:\Program Files\Java\jre1.7.0\bin
2014-11-15 22:45:23.837+0000 INFO  [o.n.k.i.DiagnosticsManager]: C:\Windows\Sun\Java\bin
2014-11-15 22:45:23.838+0000 INFO  [o.n.k.i.DiagnosticsManager]: C:\Windows\System32
2014-11-15 22:45:23.839+0000 INFO  [o.n.k.i.DiagnosticsManager]: C:\Windows
2014-11-15 22:45:23.839+0000 INFO  [o.n.k.i.DiagnosticsManager]: C:\Program Files\Java\jre1.7.0\bin\server
2014-11-15 22:45:23.839+0000 INFO  [o.n.k.i.DiagnosticsManager]: C:\Program Files\Java\jre1.7.0\bin
2014-11-15 22:45:23.839+0000 INFO  [o.n.k.i.DiagnosticsManager]: C:\Program Files\Java\jre1.7.0\lib\amd64
2014-11-15 22:45:23.840+0000 INFO  [o.n.k.i.DiagnosticsManager]: C:\Program Files\Java\jre1.7.0\bin
2014-11-15 22:45:23.840+0000 INFO  [o.n.k.i.DiagnosticsManager]: C:\Program Files\Java\jdk1.7.0_71
2014-11-15 22:45:23.841+0000 INFO  [o.n.k.i.DiagnosticsManager]: C:\Development\apache-maven-3.2.3\bin
2014-11-15 22:45:23.842+0000 INFO  [o.n.k.i.DiagnosticsManager]: C:\Users\Home\Downloads\sourceTS\sts-bundle\sts-3.6.2.RELEASE
2014-11-15 22:45:23.843+0000 INFO  [o.n.k.i.DiagnosticsManager]: C:\Development\spring\Neo4jSample\Neo4jSample
2014-11-15 22:45:23.844+0000 INFO  [o.n.k.i.DiagnosticsManager]: C:\Development\spring\Neo4jSample\Neo4jSample
2014-11-15 22:45:23.844+0000 INFO  [o.n.k.i.DiagnosticsManager]: System.properties:
2014-11-15 22:45:23.845+0000 INFO  [o.n.k.i.DiagnosticsManager]: com.sun.management.jmxremote.authenticate = false
2014-11-15 22:45:23.845+0000 INFO  [o.n.k.i.DiagnosticsManager]: sun.boot.library.path = C:\Program Files\Java\jre1.7.0\bin
2014-11-15 22:45:23.845+0000 INFO  [o.n.k.i.DiagnosticsManager]: path.separator = ;
2014-11-15 22:45:23.845+0000 INFO  [o.n.k.i.DiagnosticsManager]: file.encoding.pkg = sun.io
2014-11-15 22:45:23.845+0000 INFO  [o.n.k.i.DiagnosticsManager]: user.country = US
2014-11-15 22:45:23.845+0000 INFO  [o.n.k.i.DiagnosticsManager]: user.script = 
2014-11-15 22:45:23.846+0000 INFO  [o.n.k.i.DiagnosticsManager]: sun.java.launcher = SUN_STANDARD
2014-11-15 22:45:23.846+0000 INFO  [o.n.k.i.DiagnosticsManager]: sun.os.patch.level = Service Pack 1
2014-11-15 22:45:23.846+0000 INFO  [o.n.k.i.DiagnosticsManager]: PID = 1272
2014-11-15 22:45:23.846+0000 INFO  [o.n.k.i.DiagnosticsManager]: com.sun.management.jmxremote.port = 25139
2014-11-15 22:45:23.846+0000 INFO  [o.n.k.i.DiagnosticsManager]: user.dir = C:\Development\spring\Neo4jSample\Neo4jSample
2014-11-15 22:45:23.846+0000 INFO  [o.n.k.i.DiagnosticsManager]: LOG_TEMP = C:/Users/Home/AppData/Local/Temp
2014-11-15 22:45:23.846+0000 INFO  [o.n.k.i.DiagnosticsManager]: user.variant = 
2014-11-15 22:45:23.847+0000 INFO  [o.n.k.i.DiagnosticsManager]: sun.jnu.encoding = Cp1252
2014-11-15 22:45:23.847+0000 INFO  [o.n.k.i.DiagnosticsManager]: sun.management.compiler = HotSpot 64-Bit Tiered Compilers
2014-11-15 22:45:23.847+0000 INFO  [o.n.k.i.DiagnosticsManager]: spring.liveBeansView.mbeanDomain = 
2014-11-15 22:45:23.847+0000 INFO  [o.n.k.i.DiagnosticsManager]: user.home = C:\Users\Home
2014-11-15 22:45:23.847+0000 INFO  [o.n.k.i.DiagnosticsManager]: user.timezone = America/New_York
2014-11-15 22:45:23.847+0000 INFO  [o.n.k.i.DiagnosticsManager]: file.encoding = UTF-8
2014-11-15 22:45:23.847+0000 INFO  [o.n.k.i.DiagnosticsManager]: user.name = Home
2014-11-15 22:45:23.848+0000 INFO  [o.n.k.i.DiagnosticsManager]: com.sun.management.jmxremote = 
2014-11-15 22:45:23.848+0000 INFO  [o.n.k.i.DiagnosticsManager]: sun.java.command = com.john.Neo4jSample.App
2014-11-15 22:45:23.848+0000 INFO  [o.n.k.i.DiagnosticsManager]: sun.arch.data.model = 64
2014-11-15 22:45:23.848+0000 INFO  [o.n.k.i.DiagnosticsManager]: user.language = en
2014-11-15 22:45:23.848+0000 INFO  [o.n.k.i.DiagnosticsManager]: awt.toolkit = sun.awt.windows.WToolkit
2014-11-15 22:45:23.848+0000 INFO  [o.n.k.i.DiagnosticsManager]: com.sun.management.jmxremote.ssl = false
2014-11-15 22:45:23.848+0000 INFO  [o.n.k.i.DiagnosticsManager]: file.separator = \
2014-11-15 22:45:23.849+0000 INFO  [o.n.k.i.DiagnosticsManager]: sun.io.unicode.encoding = UnicodeLittle
2014-11-15 22:45:23.849+0000 INFO  [o.n.k.i.DiagnosticsManager]: sun.cpu.endian = little
2014-11-15 22:45:23.849+0000 INFO  [o.n.k.i.DiagnosticsManager]: sun.desktop = windows
2014-11-15 22:45:23.849+0000 INFO  [o.n.k.i.DiagnosticsManager]: sun.cpu.isalist = amd64
2014-11-15 22:45:23.849+0000 INFO  [o.n.k.i.DiagnosticsManager]: Network information:
2014-11-15 22:45:24.731+0000 INFO  [o.n.k.i.DiagnosticsManager]: Interface Software Loopback Interface 1:
2014-11-15 22:45:24.732+0000 INFO  [o.n.k.i.DiagnosticsManager]:     address: 127.0.0.1
2014-11-15 22:45:24.732+0000 INFO  [o.n.k.i.DiagnosticsManager]:     address: 0:0:0:0:0:0:0:1
2014-11-15 22:45:24.732+0000 INFO  [o.n.k.i.DiagnosticsManager]: Interface WAN Miniport (SSTP):
2014-11-15 22:45:24.732+0000 INFO  [o.n.k.i.DiagnosticsManager]: Interface WAN Miniport (L2TP):
2014-11-15 22:45:24.733+0000 INFO  [o.n.k.i.DiagnosticsManager]: Interface WAN Miniport (PPTP):
2014-11-15 22:45:24.733+0000 INFO  [o.n.k.i.DiagnosticsManager]: Interface WAN Miniport (PPPOE):
2014-11-15 22:45:24.733+0000 INFO  [o.n.k.i.DiagnosticsManager]: Interface WAN Miniport (IPv6):
2014-11-15 22:45:24.733+0000 INFO  [o.n.k.i.DiagnosticsManager]: Interface WAN Miniport (Network Monitor):
2014-11-15 22:45:24.734+0000 INFO  [o.n.k.i.DiagnosticsManager]: Interface WAN Miniport (IP):
2014-11-15 22:45:24.734+0000 INFO  [o.n.k.i.DiagnosticsManager]: Interface RAS Async Adapter:
2014-11-15 22:45:24.734+0000 INFO  [o.n.k.i.DiagnosticsManager]: Interface WAN Miniport (IKEv2):
2014-11-15 22:45:24.734+0000 INFO  [o.n.k.i.DiagnosticsManager]: Interface Atheros AR9002WB-1NG Wireless Network Adapter:
2014-11-15 22:45:24.735+0000 INFO  [o.n.k.i.DiagnosticsManager]:     address: 192.168.1.102
2014-11-15 22:45:24.735+0000 INFO  [o.n.k.i.DiagnosticsManager]:     address: fe80:0:0:0:25b8:51e3:59e5:fbc1%11
2014-11-15 22:45:24.735+0000 INFO  [o.n.k.i.DiagnosticsManager]: Interface Bluetooth Device (Personal Area Network):
2014-11-15 22:45:24.735+0000 INFO  [o.n.k.i.DiagnosticsManager]: Interface Bluetooth Device (RFCOMM Protocol TDI):
2014-11-15 22:45:24.736+0000 INFO  [o.n.k.i.DiagnosticsManager]: Interface Realtek PCIe GBE Family Controller:
2014-11-15 22:45:24.736+0000 INFO  [o.n.k.i.DiagnosticsManager]:     address: fe80:0:0:0:a08d:e9f2:fae3:1f1b%14
2014-11-15 22:45:24.736+0000 INFO  [o.n.k.i.DiagnosticsManager]: Interface Teredo Tunneling Pseudo-Interface:
2014-11-15 22:45:24.736+0000 INFO  [o.n.k.i.DiagnosticsManager]: Interface Teredo Tunneling Pseudo-Interface:
2014-11-15 22:45:24.737+0000 INFO  [o.n.k.i.DiagnosticsManager]: Interface Teredo Tunneling Pseudo-Interface:
2014-11-15 22:45:24.737+0000 INFO  [o.n.k.i.DiagnosticsManager]:     address: fe80:0:0:0:e0:0:0:0%17
2014-11-15 22:45:24.737+0000 INFO  [o.n.k.i.DiagnosticsManager]: Interface Atheros AR9002WB-1NG Wireless Network Adapter:
2014-11-15 22:45:24.737+0000 INFO  [o.n.k.i.DiagnosticsManager]: Interface VMware Virtual Ethernet Adapter for VMnet1:
2014-11-15 22:45:24.738+0000 INFO  [o.n.k.i.DiagnosticsManager]:     address: 169.254.117.17
2014-11-15 22:45:24.738+0000 INFO  [o.n.k.i.DiagnosticsManager]:     address: fe80:0:0:0:193d:4916:c2fa:7511%19
2014-11-15 22:45:24.738+0000 INFO  [o.n.k.i.DiagnosticsManager]: Interface VMware Virtual Ethernet Adapter for VMnet8:
2014-11-15 22:45:24.738+0000 INFO  [o.n.k.i.DiagnosticsManager]:     address: 192.168.237.1
2014-11-15 22:45:24.739+0000 INFO  [o.n.k.i.DiagnosticsManager]:     address: fe80:0:0:0:178:e6f7:f0cd:d9fb%20
2014-11-15 22:45:24.739+0000 INFO  [o.n.k.i.DiagnosticsManager]: Interface VirtualBox Host-Only Ethernet Adapter:
2014-11-15 22:45:24.739+0000 INFO  [o.n.k.i.DiagnosticsManager]:     address: 192.168.56.1
2014-11-15 22:45:24.739+0000 INFO  [o.n.k.i.DiagnosticsManager]:     address: fe80:0:0:0:fd68:bac8:d36d:c10a%21
2014-11-15 22:45:24.740+0000 INFO  [o.n.k.i.DiagnosticsManager]: Interface Atheros AR9002WB-1NG Wireless Network Adapter - VirtualBox Bridged Networking Driver Miniport:
2014-11-15 22:45:24.740+0000 INFO  [o.n.k.i.DiagnosticsManager]: Interface Atheros AR9002WB-1NG Wireless Network Adapter - VirtualBox Bridged Networking Driver Miniport:
2014-11-15 22:45:24.740+0000 INFO  [o.n.k.i.DiagnosticsManager]: Interface Realtek PCIe GBE Family Controller - VirtualBox Bridged Networking Driver Miniport:
2014-11-15 22:45:24.740+0000 INFO  [o.n.k.i.DiagnosticsManager]: Interface Microsoft ISATAP Adapter #3:
2014-11-15 22:45:24.740+0000 INFO  [o.n.k.i.DiagnosticsManager]: Interface Microsoft ISATAP Adapter #5:
2014-11-15 22:45:24.741+0000 INFO  [o.n.k.i.DiagnosticsManager]: Interface Microsoft ISATAP Adapter:
2014-11-15 22:45:24.741+0000 INFO  [o.n.k.i.DiagnosticsManager]: Interface TeamViewer VPN Adapter:
2014-11-15 22:45:24.741+0000 INFO  [o.n.k.i.DiagnosticsManager]:     address: fe80:0:0:0:756b:de3f:1e50:6bf2%28
2014-11-15 22:45:24.741+0000 INFO  [o.n.k.i.DiagnosticsManager]: Interface TeamViewer VPN Adapter - VirtualBox Bridged Networking Driver Miniport:
2014-11-15 22:45:24.742+0000 INFO  [o.n.k.i.DiagnosticsManager]: Interface Microsoft ISATAP Adapter #4:
2014-11-15 22:45:24.742+0000 INFO  [o.n.k.i.DiagnosticsManager]:     address: fe80:0:0:0:0:5efe:a9fe:7511%30
2014-11-15 22:45:24.742+0000 INFO  [o.n.k.i.DiagnosticsManager]: Interface Microsoft ISATAP Adapter #6:
2014-11-15 22:45:24.742+0000 INFO  [o.n.k.i.DiagnosticsManager]: Interface Microsoft ISATAP Adapter #8:
2014-11-15 22:45:24.743+0000 INFO  [o.n.k.i.DiagnosticsManager]:     address: fe80:0:0:0:0:5efe:c0a8:ed01%32
2014-11-15 22:45:24.743+0000 INFO  [o.n.k.i.DiagnosticsManager]: Interface Microsoft ISATAP Adapter:
2014-11-15 22:45:24.743+0000 INFO  [o.n.k.i.DiagnosticsManager]:     address: fe80:0:0:0:0:5efe:c0a8:166%33
2014-11-15 22:45:24.743+0000 INFO  [o.n.k.i.DiagnosticsManager]: Interface Atheros AR9002WB-1NG Wireless Network Adapter - VirtualBox Bridged Networking Driver Miniport-SymNetDrv NDIS Filter-0000:
2014-11-15 22:45:24.744+0000 INFO  [o.n.k.i.DiagnosticsManager]: Interface Atheros AR9002WB-1NG Wireless Network Adapter-Virtual WiFi Filter Driver-0000:
2014-11-15 22:45:24.744+0000 INFO  [o.n.k.i.DiagnosticsManager]: Interface WAN Miniport (Network Monitor)-QoS Packet Scheduler-0000:
2014-11-15 22:45:24.744+0000 INFO  [o.n.k.i.DiagnosticsManager]: Interface WAN Miniport (IP)-QoS Packet Scheduler-0000:
2014-11-15 22:45:24.744+0000 INFO  [o.n.k.i.DiagnosticsManager]: Interface WAN Miniport (IPv6)-QoS Packet Scheduler-0000:
2014-11-15 22:45:24.744+0000 INFO  [o.n.k.i.DiagnosticsManager]: Interface VirtualBox Host-Only Ethernet Adapter-SymNetDrv NDIS Filter-0000:
2014-11-15 22:45:24.745+0000 INFO  [o.n.k.i.DiagnosticsManager]: Interface VirtualBox Host-Only Ethernet Adapter-QoS Packet Scheduler-0000:
2014-11-15 22:45:24.745+0000 INFO  [o.n.k.i.DiagnosticsManager]: Interface VirtualBox Host-Only Ethernet Adapter-WFP LightWeight Filter-0000:
2014-11-15 22:45:24.745+0000 INFO  [o.n.k.i.DiagnosticsManager]: Interface Atheros AR9002WB-1NG Wireless Network Adapter - VirtualBox Bridged Networking Driver Miniport-QoS Packet Scheduler-0000:
2014-11-15 22:45:24.745+0000 INFO  [o.n.k.i.DiagnosticsManager]: Interface Atheros AR9002WB-1NG Wireless Network Adapter - VirtualBox Bridged Networking Driver Miniport-WFP LightWeight Filter-0000:
2014-11-15 22:45:24.746+0000 INFO  [o.n.k.i.DiagnosticsManager]: Interface TeamViewer VPN Adapter - VirtualBox Bridged Networking Driver Miniport-SymNetDrv NDIS Filter-0000:
2014-11-15 22:45:24.746+0000 INFO  [o.n.k.i.DiagnosticsManager]: Interface TeamViewer VPN Adapter - VirtualBox Bridged Networking Driver Miniport-QoS Packet Scheduler-0000:
2014-11-15 22:45:24.746+0000 INFO  [o.n.k.i.DiagnosticsManager]: Interface TeamViewer VPN Adapter - VirtualBox Bridged Networking Driver Miniport-WFP LightWeight Filter-0000:
2014-11-15 22:45:24.746+0000 INFO  [o.n.k.i.DiagnosticsManager]: Interface Realtek PCIe GBE Family Controller - VirtualBox Bridged Networking Driver Miniport-SymNetDrv NDIS Filter-0000:
2014-11-15 22:45:24.747+0000 INFO  [o.n.k.i.DiagnosticsManager]: Interface Atheros AR9002WB-1NG Wireless Network Adapter-Native WiFi Filter Driver-0000:
2014-11-15 22:45:24.747+0000 INFO  [o.n.k.i.DiagnosticsManager]: Interface Realtek PCIe GBE Family Controller - VirtualBox Bridged Networking Driver Miniport-QoS Packet Scheduler-0000:
2014-11-15 22:45:24.747+0000 INFO  [o.n.k.i.DiagnosticsManager]: Interface Realtek PCIe GBE Family Controller - VirtualBox Bridged Networking Driver Miniport-WFP LightWeight Filter-0000:
2014-11-15 22:45:24.747+0000 INFO  [o.n.k.i.DiagnosticsManager]: Interface Microsoft ISATAP Adapter #2:
2014-11-15 22:45:24.747+0000 INFO  [o.n.k.i.DiagnosticsManager]: --- INITIALIZED diagnostics END ---
2014-11-15 22:45:25.109+0000 INFO  [o.n.k.i.n.s.StoreFactory]: Creating new db @ accessingdataneo4j.db\neostore
2014-11-15 22:45:25.340+0000 INFO  [o.n.k.i.n.s.StoreFactory]: [accessingdataneo4j.db\neostore.relationshiptypestore.db.names] brickCount=0 brickSize=0b mappedMem=0b (storeSize=38b)
2014-11-15 22:45:25.347+0000 INFO  [o.n.k.i.n.s.StoreFactory]: [accessingdataneo4j.db\neostore.relationshiptypestore.db] brickCount=0 brickSize=0b mappedMem=0b (storeSize=0b)
2014-11-15 22:45:25.350+0000 INFO  [o.n.k.i.n.s.StoreFactory]: accessingdataneo4j.db\neostore.relationshiptypestore.db.names hit=0 miss=0 switches=0 ooe=0
2014-11-15 22:45:25.361+0000 INFO  [o.n.k.i.n.s.StoreFactory]: accessingdataneo4j.db\neostore.relationshiptypestore.db hit=0 miss=0 switches=0 ooe=0
2014-11-15 22:45:25.398+0000 INFO  [o.n.k.i.n.s.StoreFactory]: [accessingdataneo4j.db\neostore.labeltokenstore.db.names] brickCount=0 brickSize=0b mappedMem=0b (storeSize=38b)
2014-11-15 22:45:25.402+0000 INFO  [o.n.k.i.n.s.StoreFactory]: [accessingdataneo4j.db\neostore.labeltokenstore.db] brickCount=0 brickSize=0b mappedMem=0b (storeSize=0b)
2014-11-15 22:45:25.405+0000 INFO  [o.n.k.i.n.s.StoreFactory]: accessingdataneo4j.db\neostore.labeltokenstore.db.names hit=0 miss=0 switches=0 ooe=0
2014-11-15 22:45:25.416+0000 INFO  [o.n.k.i.n.s.StoreFactory]: accessingdataneo4j.db\neostore.labeltokenstore.db hit=0 miss=0 switches=0 ooe=0
2014-11-15 22:45:25.467+0000 INFO  [o.n.k.i.n.s.StoreFactory]: [accessingdataneo4j.db\neostore.relationshiptypestore.db.names] brickCount=0 brickSize=0b mappedMem=0b (storeSize=38b)
2014-11-15 22:45:25.468+0000 INFO  [o.n.k.i.n.s.StoreFactory]: [accessingdataneo4j.db\neostore.relationshiptypestore.db] brickCount=0 brickSize=0b mappedMem=0b (storeSize=0b)
2014-11-15 22:45:25.470+0000 INFO  [o.n.k.i.n.s.StoreFactory]: [accessingdataneo4j.db\neostore.labeltokenstore.db.names] brickCount=0 brickSize=0b mappedMem=0b (storeSize=38b)
2014-11-15 22:45:25.472+0000 INFO  [o.n.k.i.n.s.StoreFactory]: [accessingdataneo4j.db\neostore.labeltokenstore.db] brickCount=0 brickSize=0b mappedMem=0b (storeSize=0b)
2014-11-15 22:45:25.474+0000 INFO  [o.n.k.i.n.s.StoreFactory]: [accessingdataneo4j.db\neostore.propertystore.db.strings] brickCount=0 brickSize=73344b mappedMem=73400320b (storeSize=128b)
2014-11-15 22:45:25.476+0000 INFO  [o.n.k.i.n.s.StoreFactory]: [accessingdataneo4j.db\neostore.propertystore.db.index.keys] brickCount=0 brickSize=0b mappedMem=0b (storeSize=38b)
2014-11-15 22:45:25.479+0000 INFO  [o.n.k.i.n.s.StoreFactory]: [accessingdataneo4j.db\neostore.propertystore.db.index] brickCount=0 brickSize=0b mappedMem=0b (storeSize=0b)
2014-11-15 22:45:25.481+0000 INFO  [o.n.k.i.n.s.StoreFactory]: [accessingdataneo4j.db\neostore.propertystore.db.arrays] brickCount=0 brickSize=82816b mappedMem=82837504b (storeSize=128b)
2014-11-15 22:45:25.489+0000 INFO  [o.n.k.i.n.s.StoreFactory]: [accessingdataneo4j.db\neostore.propertystore.db] brickCount=0 brickSize=859811b mappedMem=85983232b (storeSize=0b)
2014-11-15 22:45:25.497+0000 INFO  [o.n.k.i.n.s.StoreFactory]: [accessingdataneo4j.db\neostore.relationshipstore.db] brickCount=0 brickSize=1048560b mappedMem=104857600b (storeSize=0b)
2014-11-15 22:45:25.499+0000 INFO  [o.n.k.i.n.s.StoreFactory]: [accessingdataneo4j.db\neostore.nodestore.db.labels] brickCount=0 brickSize=0b mappedMem=0b (storeSize=68b)
2014-11-15 22:45:25.506+0000 INFO  [o.n.k.i.n.s.StoreFactory]: [accessingdataneo4j.db\neostore.nodestore.db] brickCount=0 brickSize=230685b mappedMem=23068672b (storeSize=0b)
2014-11-15 22:45:25.507+0000 INFO  [o.n.k.i.n.s.StoreFactory]: [accessingdataneo4j.db\neostore.schemastore.db] brickCount=0 brickSize=0b mappedMem=0b (storeSize=64b)
2014-11-15 22:45:25.513+0000 INFO  [o.n.k.i.n.s.StoreFactory]: [accessingdataneo4j.db\neostore.relationshipgroupstore.db] brickCount=0 brickSize=0b mappedMem=0b (storeSize=25b)
2014-11-15 22:45:25.515+0000 INFO  [o.n.k.i.n.s.StoreFactory]: [accessingdataneo4j.db\neostore] brickCount=0 brickSize=0b mappedMem=0b (storeSize=0b)
2014-11-15 22:45:25.535+0000 INFO  [o.n.k.i.n.s.StoreFactory]: accessingdataneo4j.db\neostore.relationshiptypestore.db.names hit=0 miss=0 switches=0 ooe=0
2014-11-15 22:45:25.546+0000 INFO  [o.n.k.i.n.s.StoreFactory]: accessingdataneo4j.db\neostore.relationshiptypestore.db hit=0 miss=0 switches=0 ooe=0
2014-11-15 22:45:25.556+0000 INFO  [o.n.k.i.n.s.StoreFactory]: accessingdataneo4j.db\neostore.labeltokenstore.db.names hit=0 miss=0 switches=0 ooe=0
2014-11-15 22:45:25.566+0000 INFO  [o.n.k.i.n.s.StoreFactory]: accessingdataneo4j.db\neostore.labeltokenstore.db hit=0 miss=0 switches=0 ooe=0
2014-11-15 22:45:25.576+0000 INFO  [o.n.k.i.n.s.StoreFactory]: accessingdataneo4j.db\neostore.propertystore.db.strings hit=0 miss=0 switches=0 ooe=0
2014-11-15 22:45:25.587+0000 INFO  [o.n.k.i.n.s.StoreFactory]: accessingdataneo4j.db\neostore.propertystore.db.index.keys hit=0 miss=0 switches=0 ooe=0
2014-11-15 22:45:25.596+0000 INFO  [o.n.k.i.n.s.StoreFactory]: accessingdataneo4j.db\neostore.propertystore.db.index hit=0 miss=0 switches=0 ooe=0
2014-11-15 22:45:25.608+0000 INFO  [o.n.k.i.n.s.StoreFactory]: accessingdataneo4j.db\neostore.propertystore.db.arrays hit=0 miss=0 switches=0 ooe=0
2014-11-15 22:45:25.617+0000 INFO  [o.n.k.i.n.s.StoreFactory]: accessingdataneo4j.db\neostore.propertystore.db hit=0 miss=0 switches=0 ooe=0
2014-11-15 22:45:25.628+0000 INFO  [o.n.k.i.n.s.StoreFactory]: accessingdataneo4j.db\neostore.relationshipstore.db hit=0 miss=0 switches=0 ooe=0
2014-11-15 22:45:25.639+0000 INFO  [o.n.k.i.n.s.StoreFactory]: accessingdataneo4j.db\neostore.nodestore.db.labels hit=0 miss=0 switches=0 ooe=0
2014-11-15 22:45:25.649+0000 INFO  [o.n.k.i.n.s.StoreFactory]: accessingdataneo4j.db\neostore.nodestore.db hit=0 miss=0 switches=0 ooe=0
2014-11-15 22:45:25.660+0000 INFO  [o.n.k.i.n.s.StoreFactory]: accessingdataneo4j.db\neostore.schemastore.db hit=0 miss=0 switches=0 ooe=0
2014-11-15 22:45:25.671+0000 INFO  [o.n.k.i.n.s.StoreFactory]: accessingdataneo4j.db\neostore.relationshipgroupstore.db hit=0 miss=0 switches=0 ooe=0
2014-11-15 22:45:25.681+0000 INFO  [o.n.k.i.n.s.StoreFactory]: accessingdataneo4j.db\neostore hit=0 miss=8 switches=0 ooe=0
2014-11-15 22:45:25.707+0000 INFO  [o.n.k.i.n.s.StoreFactory]: [accessingdataneo4j.db\neostore.relationshiptypestore.db.names] brickCount=0 brickSize=0b mappedMem=0b (storeSize=38b)
2014-11-15 22:45:25.709+0000 INFO  [o.n.k.i.n.s.StoreFactory]: [accessingdataneo4j.db\neostore.relationshiptypestore.db] brickCount=0 brickSize=0b mappedMem=0b (storeSize=0b)
2014-11-15 22:45:25.711+0000 INFO  [o.n.k.i.n.s.StoreFactory]: [accessingdataneo4j.db\neostore.labeltokenstore.db.names] brickCount=0 brickSize=0b mappedMem=0b (storeSize=38b)
2014-11-15 22:45:25.712+0000 INFO  [o.n.k.i.n.s.StoreFactory]: [accessingdataneo4j.db\neostore.labeltokenstore.db] brickCount=0 brickSize=0b mappedMem=0b (storeSize=0b)
2014-11-15 22:45:25.714+0000 INFO  [o.n.k.i.n.s.StoreFactory]: [accessingdataneo4j.db\neostore.propertystore.db.strings] brickCount=0 brickSize=73344b mappedMem=73400320b (storeSize=128b)
2014-11-15 22:45:25.716+0000 INFO  [o.n.k.i.n.s.StoreFactory]: [accessingdataneo4j.db\neostore.propertystore.db.index.keys] brickCount=0 brickSize=0b mappedMem=0b (storeSize=38b)
2014-11-15 22:45:25.718+0000 INFO  [o.n.k.i.n.s.StoreFactory]: [accessingdataneo4j.db\neostore.propertystore.db.index] brickCount=0 brickSize=0b mappedMem=0b (storeSize=0b)
2014-11-15 22:45:25.719+0000 INFO  [o.n.k.i.n.s.StoreFactory]: [accessingdataneo4j.db\neostore.propertystore.db.arrays] brickCount=0 brickSize=82816b mappedMem=82837504b (storeSize=128b)
2014-11-15 22:45:25.721+0000 INFO  [o.n.k.i.n.s.StoreFactory]: [accessingdataneo4j.db\neostore.propertystore.db] brickCount=0 brickSize=859811b mappedMem=85983232b (storeSize=0b)
2014-11-15 22:45:25.723+0000 INFO  [o.n.k.i.n.s.StoreFactory]: [accessingdataneo4j.db\neostore.relationshipstore.db] brickCount=0 brickSize=1048560b mappedMem=104857600b (storeSize=0b)
2014-11-15 22:45:25.725+0000 INFO  [o.n.k.i.n.s.StoreFactory]: [accessingdataneo4j.db\neostore.nodestore.db.labels] brickCount=0 brickSize=0b mappedMem=0b (storeSize=68b)
2014-11-15 22:45:25.726+0000 INFO  [o.n.k.i.n.s.StoreFactory]: [accessingdataneo4j.db\neostore.nodestore.db] brickCount=0 brickSize=230685b mappedMem=23068672b (storeSize=0b)
2014-11-15 22:45:25.728+0000 INFO  [o.n.k.i.n.s.StoreFactory]: [accessingdataneo4j.db\neostore.schemastore.db] brickCount=0 brickSize=0b mappedMem=0b (storeSize=64b)
2014-11-15 22:45:25.730+0000 INFO  [o.n.k.i.n.s.StoreFactory]: [accessingdataneo4j.db\neostore.relationshipgroupstore.db] brickCount=0 brickSize=0b mappedMem=0b (storeSize=25b)
2014-11-15 22:45:25.732+0000 INFO  [o.n.k.i.n.s.StoreFactory]: [accessingdataneo4j.db\neostore] brickCount=0 brickSize=0b mappedMem=0b (storeSize=63b)
2014-11-15 22:45:25.959+0000 INFO  [o.n.k.a.i.i.LuceneLabelScanStore]: No lucene scan store index found, this might just be first use. Preparing to rebuild.
2014-11-15 22:45:26.025+0000 INFO  [o.n.k.a.i.i.LuceneLabelScanStore]: No lucene scan store index found, this might just be first use. Preparing to rebuild.
2014-11-15 22:45:26.268+0000 INFO  [o.n.k.i.t.x.XaLogicalLog]: Opened logical log [accessingdataneo4j.db\nioneo_logical.log.1] version=0, lastTxId=1 (clean)
2014-11-15 22:45:26.306+0000 INFO  [o.n.k.a.i.i.LuceneLabelScanStore]: Rebuilding lucene scan store, this may take a while
2014-11-15 22:45:26.310+0000 INFO  [o.n.k.a.i.i.LuceneLabelScanStore]: Lucene scan store rebuilt (roughly -1 nodes)
2014-11-15 22:45:26.319+0000 INFO  [o.n.k.i.t.TxManager]: TM new log: tm_tx_log.1
2014-11-15 22:45:26.339+0000 INFO  [o.n.k.i.t.KernelHealth]: Kernel health set to OK
2014-11-15 22:45:26.377+0000 INFO  [o.n.k.i.t.x.XaLogicalLog]: Opened logical log [accessingdataneo4j.db\index\lucene.log.1] version=0, lastTxId=1 (clean)
2014-11-15 22:45:26.396+0000 INFO  [o.n.k.i.DiagnosticsManager]: --- STARTED diagnostics for KernelDiagnostics:Versions START ---
2014-11-15 22:45:26.396+0000 INFO  [o.n.k.i.DiagnosticsManager]: Graph Database: org.neo4j.kernel.EmbeddedGraphDatabase StoreId[time:1416091525111, id:-1228793905010879499, store version: -2]
2014-11-15 22:45:26.396+0000 INFO  [o.n.k.i.DiagnosticsManager]: Kernel version: Neo4j - Graph Database Kernel (neo4j-kernel), version: 2.1.2
2014-11-15 22:45:26.397+0000 INFO  [o.n.k.i.DiagnosticsManager]: Neo4j component versions:
2014-11-15 22:45:26.438+0000 INFO  [o.n.k.i.DiagnosticsManager]:   Neo4j - JMX support (neo4j-jmx), version: 2.1.2; revision: 2.1.2:2.1-maint:368/a9f79e31a8ba7741da20887c795d354ac33d6ab7
2014-11-15 22:45:26.438+0000 INFO  [o.n.k.i.DiagnosticsManager]:   Neo4j - Lucene Index (neo4j-lucene-index), version: 2.1.2; revision: 2.1.2:2.1-maint:368/a9f79e31a8ba7741da20887c795d354ac33d6ab7
2014-11-15 22:45:26.438+0000 INFO  [o.n.k.i.DiagnosticsManager]:   Neo4j - Graph Matching (neo4j-graph-matching), version: 2.1.2; revision: 2.1.2:2.1-maint:368/a9f79e31a8ba7741da20887c795d354ac33d6ab7
2014-11-15 22:45:26.438+0000 INFO  [o.n.k.i.DiagnosticsManager]:   Neo4j - Cypher (neo4j-cypher), version: 2.1.2; revision: 2.1.2:2.1-maint:368/a9f79e31a8ba7741da20887c795d354ac33d6ab7
2014-11-15 22:45:26.438+0000 INFO  [o.n.k.i.DiagnosticsManager]:   Neo4j - Graph Database Kernel (neo4j-kernel), version: 2.1.2; revision: 2.1.2:2.1-maint:368/a9f79e31a8ba7741da20887c795d354ac33d6ab7
2014-11-15 22:45:26.439+0000 INFO  [o.n.k.i.DiagnosticsManager]:   Neo4j - Cypher Compiler 2.0 (neo4j-cypher-compiler-2.0), version: 2.0.3; revision: 2.0.3:2.0-maint:72/307c563c11b75fdc71cfa6df05daf9b08d6c37dc
2014-11-15 22:45:26.439+0000 INFO  [o.n.k.i.DiagnosticsManager]:   Neo4j - Graph Algorithms (neo4j-graph-algo), version: 2.1.2; revision: 2.1.2:2.1-maint:368/a9f79e31a8ba7741da20887c795d354ac33d6ab7
2014-11-15 22:45:26.439+0000 INFO  [o.n.k.i.DiagnosticsManager]:   Neo4j Community (neo4j), version: 2.1.2; revision: 2.1.2:2.1-maint:368/a9f79e31a8ba7741da20887c795d354ac33d6ab7
2014-11-15 22:45:26.439+0000 INFO  [o.n.k.i.DiagnosticsManager]:   Neo4j - Cypher Compiler 1.9 (neo4j-cypher-compiler-1.9), version: 2.0.3; revision: 2.0.3:2.0-maint:72/307c563c11b75fdc71cfa6df05daf9b08d6c37dc
2014-11-15 22:45:26.439+0000 INFO  [o.n.k.i.DiagnosticsManager]:   neo4j-udc, version: 2.1.2; revision: 2.1.2:2.1-maint:368/a9f79e31a8ba7741da20887c795d354ac33d6ab7
2014-11-15 22:45:26.439+0000 INFO  [o.n.k.i.DiagnosticsManager]:   Neo4j - Cypher Commons (neo4j-cypher-commons), version: 2.1.2; revision: 2.1.2:2.1-maint:368/a9f79e31a8ba7741da20887c795d354ac33d6ab7
2014-11-15 22:45:26.440+0000 INFO  [o.n.k.i.DiagnosticsManager]: --- STARTED diagnostics for KernelDiagnostics:Versions END ---
2014-11-15 22:45:26.447+0000 INFO  [o.n.k.i.DiagnosticsManager]: --- STARTED diagnostics for NEO_STORE_VERSIONS START ---
2014-11-15 22:45:26.449+0000 INFO  [o.n.k.i.DiagnosticsManager]: Store versions:
2014-11-15 22:45:26.449+0000 INFO  [o.n.k.i.DiagnosticsManager]: Store versions:
2014-11-15 22:45:26.449+0000 INFO  [o.n.k.i.DiagnosticsManager]:   NeoStore v0.A.3
2014-11-15 22:45:26.450+0000 INFO  [o.n.k.i.DiagnosticsManager]:   SchemaStore v0.A.3
2014-11-15 22:45:26.450+0000 INFO  [o.n.k.i.DiagnosticsManager]:   NodeStore v0.A.3
2014-11-15 22:45:26.450+0000 INFO  [o.n.k.i.DiagnosticsManager]:   RelationshipStore v0.A.3
2014-11-15 22:45:26.450+0000 INFO  [o.n.k.i.DiagnosticsManager]:   RelationshipTypeStore v0.A.3
2014-11-15 22:45:26.450+0000 INFO  [o.n.k.i.DiagnosticsManager]:   LabelTokenStore v0.A.3
2014-11-15 22:45:26.450+0000 INFO  [o.n.k.i.DiagnosticsManager]:   PropertyStore v0.A.3
2014-11-15 22:45:26.450+0000 INFO  [o.n.k.i.DiagnosticsManager]:   PropertyIndexStore v0.A.3
2014-11-15 22:45:26.451+0000 INFO  [o.n.k.i.DiagnosticsManager]:   StringPropertyStore v0.A.3
2014-11-15 22:45:26.451+0000 INFO  [o.n.k.i.DiagnosticsManager]:   ArrayPropertyStore v0.A.3
2014-11-15 22:45:26.451+0000 INFO  [o.n.k.i.DiagnosticsManager]:   RelationshipGroupStore v0.A.3
2014-11-15 22:45:26.451+0000 INFO  [o.n.k.i.DiagnosticsManager]: --- STARTED diagnostics for NEO_STORE_VERSIONS END ---
2014-11-15 22:45:26.451+0000 INFO  [o.n.k.i.DiagnosticsManager]: --- STARTED diagnostics for NEO_STORE_ID_USAGE START ---
2014-11-15 22:45:26.451+0000 INFO  [o.n.k.i.DiagnosticsManager]: Id usage:
2014-11-15 22:45:26.452+0000 INFO  [o.n.k.i.DiagnosticsManager]: Id usage:
2014-11-15 22:45:26.452+0000 INFO  [o.n.k.i.DiagnosticsManager]:   SchemaStore: used=1 high=0
2014-11-15 22:45:26.452+0000 INFO  [o.n.k.i.DiagnosticsManager]:   NodeStore: used=0 high=-1
2014-11-15 22:45:26.453+0000 INFO  [o.n.k.i.DiagnosticsManager]:   RelationshipStore: used=0 high=-1
2014-11-15 22:45:26.453+0000 INFO  [o.n.k.i.DiagnosticsManager]:   RelationshipTypeStore: used=0 high=-1
2014-11-15 22:45:26.454+0000 INFO  [o.n.k.i.DiagnosticsManager]:   LabelTokenStore: used=0 high=-1
2014-11-15 22:45:26.454+0000 INFO  [o.n.k.i.DiagnosticsManager]:   PropertyStore: used=0 high=-1
2014-11-15 22:45:26.454+0000 INFO  [o.n.k.i.DiagnosticsManager]:   PropertyIndexStore: used=0 high=-1
2014-11-15 22:45:26.455+0000 INFO  [o.n.k.i.DiagnosticsManager]:   StringPropertyStore: used=1 high=0
2014-11-15 22:45:26.455+0000 INFO  [o.n.k.i.DiagnosticsManager]:   ArrayPropertyStore: used=1 high=0
2014-11-15 22:45:26.455+0000 INFO  [o.n.k.i.DiagnosticsManager]:   RelationshipGroupStore: used=1 high=0
2014-11-15 22:45:26.455+0000 INFO  [o.n.k.i.DiagnosticsManager]: --- STARTED diagnostics for NEO_STORE_ID_USAGE END ---
2014-11-15 22:45:26.456+0000 INFO  [o.n.k.i.DiagnosticsManager]: --- STARTED diagnostics for PERSISTENCE_WINDOW_POOL_STATS START ---
2014-11-15 22:45:26.456+0000 INFO  [o.n.k.i.DiagnosticsManager]: --- STARTED diagnostics for PERSISTENCE_WINDOW_POOL_STATS END ---
2014-11-15 22:45:26.457+0000 INFO  [o.n.k.i.DiagnosticsManager]: --- STARTED diagnostics for KernelDiagnostics:StoreFiles START ---
2014-11-15 22:45:26.462+0000 INFO  [o.n.k.i.DiagnosticsManager]: Disk space on partition (Total / Free / Free %): 196648890368 / 17402146816 / 8
Storage files: (filename : modification date - size)
2014-11-15 22:45:26.467+0000 INFO  [o.n.k.i.DiagnosticsManager]:   active_tx_log: 2014-11-15T17:45:26-0500 - 11.00 B
2014-11-15 22:45:26.467+0000 INFO  [o.n.k.i.DiagnosticsManager]:   index:
2014-11-15 22:45:26.469+0000 INFO  [o.n.k.i.DiagnosticsManager]:     lucene-store.db: 2014-11-15T17:45:26-0500 - 40.00 B
2014-11-15 22:45:26.470+0000 INFO  [o.n.k.i.DiagnosticsManager]:     lucene.log.1: 2014-11-15T17:45:26-0500 - 16.00 B
2014-11-15 22:45:26.471+0000 INFO  [o.n.k.i.DiagnosticsManager]:     lucene.log.active: 2014-11-15T17:45:26-0500 - 4.00 B
2014-11-15 22:45:26.471+0000 INFO  [o.n.k.i.DiagnosticsManager]:   - Total: 2014-11-15T17:45:26-0500 - 60.00 B
2014-11-15 22:45:26.472+0000 INFO  [o.n.k.i.DiagnosticsManager]:   lock: 2014-11-15T17:45:25-0500 - 0.00 B
2014-11-15 22:45:26.473+0000 INFO  [o.n.k.i.DiagnosticsManager]:   messages.log: 2014-11-15T17:45:26-0500 - 45.73 kB
2014-11-15 22:45:26.474+0000 INFO  [o.n.k.i.DiagnosticsManager]:   neostore: 2014-11-15T17:45:25-0500 - 63.00 B
2014-11-15 22:45:26.475+0000 INFO  [o.n.k.i.DiagnosticsManager]:   neostore.id: 2014-11-15T17:45:25-0500 - 9.00 B
2014-11-15 22:45:26.476+0000 INFO  [o.n.k.i.DiagnosticsManager]:   neostore.labeltokenstore.db: 2014-11-15T17:45:25-0500 - 0.00 B
2014-11-15 22:45:26.477+0000 INFO  [o.n.k.i.DiagnosticsManager]:   neostore.labeltokenstore.db.id: 2014-11-15T17:45:25-0500 - 9.00 B
2014-11-15 22:45:26.478+0000 INFO  [o.n.k.i.DiagnosticsManager]:   neostore.labeltokenstore.db.names: 2014-11-15T17:45:25-0500 - 38.00 B
2014-11-15 22:45:26.479+0000 INFO  [o.n.k.i.DiagnosticsManager]:   neostore.labeltokenstore.db.names.id: 2014-11-15T17:45:25-0500 - 9.00 B
2014-11-15 22:45:26.480+0000 INFO  [o.n.k.i.DiagnosticsManager]:   neostore.nodestore.db: 2014-11-15T17:45:25-0500 - 0.00 B
2014-11-15 22:45:26.481+0000 INFO  [o.n.k.i.DiagnosticsManager]:   neostore.nodestore.db.id: 2014-11-15T17:45:25-0500 - 9.00 B
2014-11-15 22:45:26.482+0000 INFO  [o.n.k.i.DiagnosticsManager]:   neostore.nodestore.db.labels: 2014-11-15T17:45:25-0500 - 68.00 B
2014-11-15 22:45:26.483+0000 INFO  [o.n.k.i.DiagnosticsManager]:   neostore.nodestore.db.labels.id: 2014-11-15T17:45:25-0500 - 9.00 B
2014-11-15 22:45:26.484+0000 INFO  [o.n.k.i.DiagnosticsManager]:   neostore.propertystore.db: 2014-11-15T17:45:25-0500 - 0.00 B
2014-11-15 22:45:26.485+0000 INFO  [o.n.k.i.DiagnosticsManager]:   neostore.propertystore.db.arrays: 2014-11-15T17:45:25-0500 - 128.00 B
2014-11-15 22:45:26.486+0000 INFO  [o.n.k.i.DiagnosticsManager]:   neostore.propertystore.db.arrays.id: 2014-11-15T17:45:25-0500 - 9.00 B
2014-11-15 22:45:26.487+0000 INFO  [o.n.k.i.DiagnosticsManager]:   neostore.propertystore.db.id: 2014-11-15T17:45:25-0500 - 9.00 B
2014-11-15 22:45:26.488+0000 INFO  [o.n.k.i.DiagnosticsManager]:   neostore.propertystore.db.index: 2014-11-15T17:45:25-0500 - 0.00 B
2014-11-15 22:45:26.489+0000 INFO  [o.n.k.i.DiagnosticsManager]:   neostore.propertystore.db.index.id: 2014-11-15T17:45:25-0500 - 9.00 B
2014-11-15 22:45:26.490+0000 INFO  [o.n.k.i.DiagnosticsManager]:   neostore.propertystore.db.index.keys: 2014-11-15T17:45:25-0500 - 38.00 B
2014-11-15 22:45:26.491+0000 INFO  [o.n.k.i.DiagnosticsManager]:   neostore.propertystore.db.index.keys.id: 2014-11-15T17:45:25-0500 - 9.00 B
2014-11-15 22:45:26.492+0000 INFO  [o.n.k.i.DiagnosticsManager]:   neostore.propertystore.db.strings: 2014-11-15T17:45:25-0500 - 128.00 B
2014-11-15 22:45:26.493+0000 INFO  [o.n.k.i.DiagnosticsManager]:   neostore.propertystore.db.strings.id: 2014-11-15T17:45:25-0500 - 9.00 B
2014-11-15 22:45:26.494+0000 INFO  [o.n.k.i.DiagnosticsManager]:   neostore.relationshipgroupstore.db: 2014-11-15T17:45:25-0500 - 25.00 B
2014-11-15 22:45:26.495+0000 INFO  [o.n.k.i.DiagnosticsManager]:   neostore.relationshipgroupstore.db.id: 2014-11-15T17:45:25-0500 - 9.00 B
2014-11-15 22:45:26.496+0000 INFO  [o.n.k.i.DiagnosticsManager]:   neostore.relationshipstore.db: 2014-11-15T17:45:25-0500 - 0.00 B
2014-11-15 22:45:26.497+0000 INFO  [o.n.k.i.DiagnosticsManager]:   neostore.relationshipstore.db.id: 2014-11-15T17:45:25-0500 - 9.00 B
2014-11-15 22:45:26.498+0000 INFO  [o.n.k.i.DiagnosticsManager]:   neostore.relationshiptypestore.db: 2014-11-15T17:45:25-0500 - 0.00 B
2014-11-15 22:45:26.499+0000 INFO  [o.n.k.i.DiagnosticsManager]:   neostore.relationshiptypestore.db.id: 2014-11-15T17:45:25-0500 - 9.00 B
2014-11-15 22:45:26.500+0000 INFO  [o.n.k.i.DiagnosticsManager]:   neostore.relationshiptypestore.db.names: 2014-11-15T17:45:25-0500 - 38.00 B
2014-11-15 22:45:26.501+0000 INFO  [o.n.k.i.DiagnosticsManager]:   neostore.relationshiptypestore.db.names.id: 2014-11-15T17:45:25-0500 - 9.00 B
2014-11-15 22:45:26.502+0000 INFO  [o.n.k.i.DiagnosticsManager]:   neostore.schemastore.db: 2014-11-15T17:45:25-0500 - 64.00 B
2014-11-15 22:45:26.503+0000 INFO  [o.n.k.i.DiagnosticsManager]:   neostore.schemastore.db.id: 2014-11-15T17:45:25-0500 - 9.00 B
2014-11-15 22:45:26.504+0000 INFO  [o.n.k.i.DiagnosticsManager]:   nioneo_logical.log.1: 2014-11-15T17:45:26-0500 - 16.00 B
2014-11-15 22:45:26.505+0000 INFO  [o.n.k.i.DiagnosticsManager]:   nioneo_logical.log.active: 2014-11-15T17:45:26-0500 - 4.00 B
2014-11-15 22:45:26.505+0000 INFO  [o.n.k.i.DiagnosticsManager]:   schema:
2014-11-15 22:45:26.506+0000 INFO  [o.n.k.i.DiagnosticsManager]:     label:
2014-11-15 22:45:26.506+0000 INFO  [o.n.k.i.DiagnosticsManager]:       lucene:
2014-11-15 22:45:26.508+0000 INFO  [o.n.k.i.DiagnosticsManager]:         write.lock: 2014-11-15T17:45:26-0500 - 0.00 B
2014-11-15 22:45:26.508+0000 INFO  [o.n.k.i.DiagnosticsManager]:       - Total: 2014-11-15T17:45:26-0500 - 0.00 B
2014-11-15 22:45:26.509+0000 INFO  [o.n.k.i.DiagnosticsManager]:     - Total: 2014-11-15T17:45:26-0500 - 0.00 B
2014-11-15 22:45:26.510+0000 INFO  [o.n.k.i.DiagnosticsManager]:   - Total: 2014-11-15T17:45:25-0500 - 0.00 B
2014-11-15 22:45:26.511+0000 INFO  [o.n.k.i.DiagnosticsManager]:   store_lock: 2014-11-15T17:45:25-0500 - 0.00 B
2014-11-15 22:45:26.512+0000 INFO  [o.n.k.i.DiagnosticsManager]:   tm_tx_log.1: 2014-11-15T17:45:26-0500 - 0.00 B
2014-11-15 22:45:26.512+0000 INFO  [o.n.k.i.DiagnosticsManager]: --- STARTED diagnostics for KernelDiagnostics:StoreFiles END ---
2014-11-15 22:45:26.658+0000 INFO  [o.n.k.EmbeddedGraphDatabase]: GC Monitor started. 
2014-11-15 22:45:26.660+0000 INFO  [o.n.k.EmbeddedGraphDatabase]: Database is now ready
2014-11-15 22:45:34.954+0000 INFO  [o.n.k.EmbeddedGraphDatabase]: Shutdown started
2014-11-15 22:45:34.956+0000 INFO  [o.n.k.EmbeddedGraphDatabase]: Database is now unavailable
2014-11-15 22:45:34.956+0000 INFO  [o.n.k.EmbeddedGraphDatabase]: GC Monitor stopped. 
2014-11-15 22:45:34.974+0000 INFO  [o.n.k.i.t.x.XaLogicalLog]: Closed log accessingdataneo4j.db\index\lucene.log
2014-11-15 22:45:34.980+0000 INFO  [o.n.k.i.t.TxManager]: TM shutting down
2014-11-15 22:45:35.119+0000 INFO  [o.n.k.i.t.x.XaLogicalLog]: Closed log accessingdataneo4j.db\nioneo_logical.log
2014-11-15 22:45:35.137+0000 INFO  [o.n.k.i.n.s.StoreFactory]: accessingdataneo4j.db\neostore.relationshiptypestore.db.names hit=0 miss=1 switches=0 ooe=0
2014-11-15 22:45:35.147+0000 INFO  [o.n.k.i.n.s.StoreFactory]: accessingdataneo4j.db\neostore.relationshiptypestore.db hit=0 miss=1 switches=0 ooe=0
2014-11-15 22:45:35.158+0000 INFO  [o.n.k.i.n.s.StoreFactory]: accessingdataneo4j.db\neostore.labeltokenstore.db.names hit=0 miss=2 switches=0 ooe=0
2014-11-15 22:45:35.169+0000 INFO  [o.n.k.i.n.s.StoreFactory]: accessingdataneo4j.db\neostore.labeltokenstore.db hit=0 miss=2 switches=0 ooe=0
2014-11-15 22:45:35.177+0000 INFO  [o.n.k.i.n.s.StoreFactory]: accessingdataneo4j.db\neostore.propertystore.db.strings hit=0 miss=0 switches=0 ooe=0
2014-11-15 22:45:35.187+0000 INFO  [o.n.k.i.n.s.StoreFactory]: accessingdataneo4j.db\neostore.propertystore.db.index.keys hit=0 miss=1 switches=0 ooe=0
2014-11-15 22:45:35.197+0000 INFO  [o.n.k.i.n.s.StoreFactory]: accessingdataneo4j.db\neostore.propertystore.db.index hit=0 miss=1 switches=0 ooe=0
2014-11-15 22:45:35.207+0000 INFO  [o.n.k.i.n.s.StoreFactory]: accessingdataneo4j.db\neostore.propertystore.db.arrays hit=0 miss=0 switches=0 ooe=0
2014-11-15 22:45:35.219+0000 INFO  [o.n.k.i.n.s.StoreFactory]: accessingdataneo4j.db\neostore.propertystore.db hit=3 miss=0 switches=0 ooe=0
2014-11-15 22:45:35.228+0000 INFO  [o.n.k.i.n.s.StoreFactory]: accessingdataneo4j.db\neostore.relationshipstore.db hit=3 miss=0 switches=0 ooe=0
2014-11-15 22:45:35.239+0000 INFO  [o.n.k.i.n.s.StoreFactory]: accessingdataneo4j.db\neostore.nodestore.db.labels hit=0 miss=0 switches=0 ooe=0
2014-11-15 22:45:35.248+0000 INFO  [o.n.k.i.n.s.StoreFactory]: accessingdataneo4j.db\neostore.nodestore.db hit=3 miss=0 switches=0 ooe=0
2014-11-15 22:45:35.260+0000 INFO  [o.n.k.i.n.s.StoreFactory]: accessingdataneo4j.db\neostore.schemastore.db hit=0 miss=0 switches=0 ooe=0
2014-11-15 22:45:35.270+0000 INFO  [o.n.k.i.n.s.StoreFactory]: accessingdataneo4j.db\neostore.relationshipgroupstore.db hit=0 miss=0 switches=0 ooe=0
2014-11-15 22:45:35.280+0000 INFO  [o.n.k.i.n.s.StoreFactory]: accessingdataneo4j.db\neostore hit=0 miss=20 switches=0 ooe=0
2014-11-15 22:45:35.286+0000 INFO  [o.n.k.i.n.x.NeoStoreXaDataSource]: NeoStore closed
2014-11-15 22:45:35.287+0000 INFO  [o.n.k.i.DiagnosticsManager]: --- STOPPING diagnostics START ---
2014-11-15 22:45:35.287+0000 INFO  [o.n.k.i.DiagnosticsManager]: --- STOPPING diagnostics END ---
